This is pdfTeX, Version 3.14159265-2.6-1.40.18 (TeX Live 2017/W32TeX) (preloaded format=pdflatex 2017.12.8)  21 APR 2019 13:44
entering extended mode
 restricted \write18 enabled.
 %&-line parsing enabled.
**"./AMR Report.tex"
(./AMR Report.tex
LaTeX2e <2017-04-15>
Babel <3.15> and hyphenation patterns for 84 language(s) loaded.
(c:/texlive/2017/texmf-dist/tex/latex/revtex4/revtex4.cls
Document Class: revtex4 2001/08/02 v4.0 (http://publish.aps.org/revtex4/ for do
cumentation)
 Copyright (c) 2001 The American Physical Society.
 mailto:revtex@aps.org
 Licensed under the LPPL:
http://www.ctan.org/tex-archive/macros/latex/base/lppl.txt
 Arthur Ogawa <ogawa@teleport.com>
 Based on work by David Carlisle <david@dcarlisle.demon.co.uk>.
ltxutil: portions licensed from W. E. Baxter (web@superscript.com)
Class revtex4 Info: Repairing broken LateX \@sect on input line 596.
\intertabularlinepenalty=\count79
\@tbpen=\count80
\@arstrutbox@hline=\box26
Class revtex4 Info: Repairing broken LaTeX \@xbitor on input line 1610.
ltxgrid: portions licensed from W. E. Baxter (web@superscript.com)
\c@linecount=\count81
\output=\toks14
\@protection@box=\box27
\@topmark@saved=\toks15
\footins@saved=\box28
\pagesofar=\box29
\footbox=\box30
\pagegrid@col=\count82
Class revtex4 Info: Incorporating package {textcase}  [1998/11/12 v0.06 Text on
ly upper/lower case changing (DPC)]. on input line 3682.
(c:/texlive/2017/texmf-dist/tex/latex/url/url.sty
\Urlmuskip=\muskip10
Package: url 2013/09/16  ver 3.4  Verb mode for urls, etc.
)
\c@affil=\count83
\absbox=\box31
\c@part=\count84
\c@section=\count85
\c@subsection=\count86
\c@subsubsection=\count87
\c@paragraph=\count88
\c@subparagraph=\count89
\abovecaptionskip=\skip41
\belowcaptionskip=\skip42
\c@figure=\count90
\c@table=\count91

(c:/texlive/2017/texmf-dist/tex/latex/natbib/natbib.sty
Package: natbib 2010/09/13 8.31b (PWD, AO)
\bibhang=\skip43
\bibsep=\skip44
LaTeX Info: Redefining \cite on input line 694.
\c@NAT@ctr=\count92
)
\widetext@top=\box32
\widetext@bot=\box33

(c:/texlive/2017/texmf-dist/tex/latex/revtex4/revsymb.sty
Package: revsymb 2001/08/02 v4.0 (http://publish.aps.org/revtex4/ for documenta
tion)
LaTeX Info: Redefining \REV@mathfrak on input line 118.
))

Class revtex4 Warning: No Society specified, using generic APS style.

(c:/texlive/2017/texmf-dist/tex/latex/revtex4/aps.rtx
File: aps.rtx 2001/08/02 v4.0 (http://publish.aps.org/revtex4/ for documentatio
n)
)
(c:/texlive/2017/texmf-dist/tex/latex/revtex4/10pt.rtx
File: 10pt.rtx 2001/08/02 v4.0 (http://publish.aps.org/revtex4/ for documentati
on)
)
(c:/texlive/2017/texmf-dist/tex/latex/psnfss/times.sty
Package: times 2005/04/12 PSNFSS-v9.2a (SPQR) 
)
(c:/texlive/2017/texmf-dist/tex/latex/geometry/geometry.sty
Package: geometry 2010/09/12 v5.6 Page Geometry

(c:/texlive/2017/texmf-dist/tex/latex/graphics/keyval.sty
Package: keyval 2014/10/28 v1.15 key=value parser (DPC)
\KV@toks@=\toks16
)
(c:/texlive/2017/texmf-dist/tex/generic/oberdiek/ifpdf.sty
Package: ifpdf 2017/03/15 v3.2 Provides the ifpdf switch
)
(c:/texlive/2017/texmf-dist/tex/generic/oberdiek/ifvtex.sty
Package: ifvtex 2016/05/16 v1.6 Detect VTeX and its facilities (HO)
Package ifvtex Info: VTeX not detected.
)
(c:/texlive/2017/texmf-dist/tex/generic/ifxetex/ifxetex.sty
Package: ifxetex 2010/09/12 v0.6 Provides ifxetex conditional
)
\Gm@cnth=\count93
\Gm@cntv=\count94
\c@Gm@tempcnt=\count95
\Gm@bindingoffset=\dimen102
\Gm@wd@mp=\dimen103
\Gm@odd@mp=\dimen104
\Gm@even@mp=\dimen105
\Gm@layoutwidth=\dimen106
\Gm@layoutheight=\dimen107
\Gm@layouthoffset=\dimen108
\Gm@layoutvoffset=\dimen109
\Gm@dimlist=\toks17
)
(c:/texlive/2017/texmf-dist/tex/latex/caption/caption.sty
Package: caption 2016/02/21 v3.3-144 Customizing captions (AR)

(c:/texlive/2017/texmf-dist/tex/latex/caption/caption3.sty
Package: caption3 2016/05/22 v1.7-166 caption3 kernel (AR)
Package caption3 Info: TeX engine: e-TeX on input line 67.
\captionmargin=\dimen110
\captionmargin@=\dimen111
\captionwidth=\dimen112
\caption@tempdima=\dimen113
\caption@indent=\dimen114
\caption@parindent=\dimen115
\caption@hangindent=\dimen116
Package caption Info: Unknown document class (or package),
(caption)             standard defaults will be used.
)

Package caption Warning: Unsupported document class (or package) detected,
(caption)                usage of the caption package is not recommended.
See the caption package documentation for explanation.

Package caption Info: \@makecaption = \long macro:#1#2->\par \vskip \abovecapti
onskip \begingroup \small \rmfamily \sbox \@tempboxa {\let \\\heading@cr #1: #2
}\@ifdim {\wd \@tempboxa >\hsize }{\begingroup \samepage \flushing \let \footno
te \@footnotemark@gobble #1: #2\par \endgroup }{\global \@minipagefalse \hb@xt@
 \hsize {\hfil \unhbox \@tempboxa \hfil }}\endgroup \vskip \belowcaptionskip .
\c@ContinuedFloat=\count96
) (c:/texlive/2017/texmf-dist/tex/latex/graphics/graphics.sty
Package: graphics 2017/06/25 v1.2c Standard LaTeX Graphics (DPC,SPQR)

(c:/texlive/2017/texmf-dist/tex/latex/graphics/trig.sty
Package: trig 2016/01/03 v1.10 sin cos tan (DPC)
)
(c:/texlive/2017/texmf-dist/tex/latex/graphics-cfg/graphics.cfg
File: graphics.cfg 2016/06/04 v1.11 sample graphics configuration
)
Package graphics Info: Driver file: pdftex.def on input line 99.

(c:/texlive/2017/texmf-dist/tex/latex/graphics-def/pdftex.def
File: pdftex.def 2017/06/24 v1.0g Graphics/color driver for pdftex
))
(c:/texlive/2017/texmf-dist/tex/latex/graphics/graphicx.sty
Package: graphicx 2017/06/01 v1.1a Enhanced LaTeX Graphics (DPC,SPQR)
\Gin@req@height=\dimen117
\Gin@req@width=\dimen118
)
(c:/texlive/2017/texmf-dist/tex/latex/graphics/epsfig.sty
Package: epsfig 2017/06/25 v1.7b (e)psfig emulation (SPQR)
\epsfxsize=\dimen119
\epsfysize=\dimen120
)
(c:/texlive/2017/texmf-dist/tex/latex/float/float.sty
Package: float 2001/11/08 v1.3d Float enhancements (AL)
\c@float@type=\count97
\float@exts=\toks18
\float@box=\box34
\@float@everytoks=\toks19
\@floatcapt=\box35
)
(c:/texlive/2017/texmf-dist/tex/latex/amsmath/amsmath.sty
Package: amsmath 2017/09/02 v2.17a AMS math features
\@mathmargin=\skip45

For additional information on amsmath, use the `?' option.
(c:/texlive/2017/texmf-dist/tex/latex/amsmath/amstext.sty
Package: amstext 2000/06/29 v2.01 AMS text

(c:/texlive/2017/texmf-dist/tex/latex/amsmath/amsgen.sty
File: amsgen.sty 1999/11/30 v2.0 generic functions
\@emptytoks=\toks20
\ex@=\dimen121
))
(c:/texlive/2017/texmf-dist/tex/latex/amsmath/amsbsy.sty
Package: amsbsy 1999/11/29 v1.2d Bold Symbols
\pmbraise@=\dimen122
)
(c:/texlive/2017/texmf-dist/tex/latex/amsmath/amsopn.sty
Package: amsopn 2016/03/08 v2.02 operator names
)
\inf@bad=\count98
LaTeX Info: Redefining \frac on input line 213.
\uproot@=\count99
\leftroot@=\count100
LaTeX Info: Redefining \overline on input line 375.
\classnum@=\count101
\DOTSCASE@=\count102
LaTeX Info: Redefining \ldots on input line 472.
LaTeX Info: Redefining \dots on input line 475.
LaTeX Info: Redefining \cdots on input line 596.
\Mathstrutbox@=\box36
\strutbox@=\box37
\big@size=\dimen123
LaTeX Font Info:    Redeclaring font encoding OML on input line 712.
LaTeX Font Info:    Redeclaring font encoding OMS on input line 713.
\macc@depth=\count103
\c@MaxMatrixCols=\count104
\dotsspace@=\muskip11
\c@parentequation=\count105
\dspbrk@lvl=\count106
\tag@help=\toks21
\row@=\count107
\column@=\count108
\maxfields@=\count109
\andhelp@=\toks22
\eqnshift@=\dimen124
\alignsep@=\dimen125
\tagshift@=\dimen126
\tagwidth@=\dimen127
\totwidth@=\dimen128
\lineht@=\dimen129
\@envbody=\toks23
\multlinegap=\skip46
\multlinetaggap=\skip47
\mathdisplay@stack=\toks24
LaTeX Info: Redefining \[ on input line 2817.
LaTeX Info: Redefining \] on input line 2818.
)
(c:/texlive/2017/texmf-dist/tex/latex/dblfloatfix/dblfloatfix.sty
Package: dblfloatfix 2012/12/31 v1.0a (JAW)

(c:/texlive/2017/texmf-dist/tex/latex/base/fixltx2e.sty
Package: fixltx2e 2016/12/29 v2.1a fixes to LaTeX (obsolete)
Applying: [2015/01/01] Old fixltx2e package on input line 46.


Package fixltx2e Warning: fixltx2e is not required with releases after 2015
(fixltx2e)                All fixes are now in the LaTeX kernel.
(fixltx2e)                See the latexrelease package for details.

Already applied: [0000/00/00] Old fixltx2e package on input line 53.
)
\@dblbotnum=\count110
\c@dblbotnumber=\count111
) (c:/texlive/2017/texmf-dist/tex/latex/tools/afterpage.sty
Package: afterpage 2014/10/28 v1.08 After-Page Package (DPC)
\AP@output=\toks25
\AP@partial=\box38
\AP@footins=\box39
)
(c:/texlive/2017/texmf-dist/tex/latex/etoolbox/etoolbox.sty
Package: etoolbox 2017/11/22 v2.5 e-TeX tools for LaTeX (JAW)
\etb@tempcnta=\count112
)
(c:/texlive/2017/texmf-dist/tex/latex/fancyhdr/fancyhdr.sty
Package: fancyhdr 2017/06/30 v3.9a Extensive control of page headers and footer
s
\f@nch@headwidth=\skip48
\f@nch@O@elh=\skip49
\f@nch@O@erh=\skip50
\f@nch@O@olh=\skip51
\f@nch@O@orh=\skip52
\f@nch@O@elf=\skip53
\f@nch@O@erf=\skip54
\f@nch@O@olf=\skip55
\f@nch@O@orf=\skip56
)
(c:/texlive/2017/texmf-dist/tex/latex/hyphenat/hyphenat.sty
Package: hyphenat 2009/09/02 v2.3c hyphenation utilities
\langwohyphens=\language84
LaTeX Info: Redefining \_ on input line 43.
) (./AMR Report.aux)
\openout1 = `"AMR Report.aux"'.

LaTeX Font Info:    Checking defaults for OML/cmm/m/it on input line 39.
LaTeX Font Info:    ... okay on input line 39.
LaTeX Font Info:    Checking defaults for T1/cmr/m/n on input line 39.
LaTeX Font Info:    ... okay on input line 39.
LaTeX Font Info:    Checking defaults for OT1/cmr/m/n on input line 39.
LaTeX Font Info:    ... okay on input line 39.
LaTeX Font Info:    Checking defaults for OMS/cmsy/m/n on input line 39.
LaTeX Font Info:    ... okay on input line 39.
LaTeX Font Info:    Checking defaults for OMX/cmex/m/n on input line 39.
LaTeX Font Info:    ... okay on input line 39.
LaTeX Font Info:    Checking defaults for U/cmr/m/n on input line 39.
LaTeX Font Info:    ... okay on input line 39.
LaTeX Font Info:    Try loading font information for OT1+ptm on input line 39.
(c:/texlive/2017/texmf-dist/tex/latex/psnfss/ot1ptm.fd
File: ot1ptm.fd 2001/06/04 font definitions for OT1/ptm.
)
Class revtex4 Info: Patching LaTeX tabular. on input line 39.
Class revtex4 Info: cite was not loaded (OK!) on input line 39.
Class revtex4 Info: multicol was not loaded (OK!) on input line 39.

*geometry* driver: auto-detecting
*geometry* detected driver: pdftex
*geometry* verbose mode - [ preamble ] result:
* driver: pdftex
* paper: a4paper
* layout: <same size as paper>
* layoutoffset:(h,v)=(0.0pt,0.0pt)
* modes: 
* h-part:(L,W,R)=(52.63777pt, 492.23233pt, 52.63777pt)
* v-part:(T,H,B)=(52.63777pt, 739.7713pt, 52.63777pt)
* \paperwidth=597.50787pt
* \paperheight=845.04684pt
* \textwidth=492.23233pt
* \textheight=739.7713pt
* \oddsidemargin=-19.63222pt
* \evensidemargin=-19.63222pt
* \topmargin=-60.63222pt
* \headheight=25.0pt
* \headsep=16.0pt
* \topskip=10.0pt
* \footskip=30.0pt
* \marginparwidth=30.0pt
* \marginparsep=6.0pt
* \columnsep=18.0pt
* \skip\footins=39.0pt plus 4.0pt minus 2.0pt
* \hoffset=0.0pt
* \voffset=0.0pt
* \mag=1000
* \@twocolumnfalse
* \@twosidefalse
* \@mparswitchfalse
* \@reversemarginfalse
* (1in=72.27pt=25.4mm, 1cm=28.453pt)

Package caption Info: Begin \AtBeginDocument code.
Package caption Info: Incompatible package detected (regarding \caption).
(caption)             \caption = macro:->\minipagefootnote@here \ifx \@captype 
\@undefined \@latex@error {\noexpand \caption outside float}\@ehd \expandafter 
\@gobble \else \refstepcounter \@captype \let \@tempf \@caption \expandafter \i
fx \csname @float@c@\@captype \endcsname \relax \else \expandafter \expandafter
 \let \expandafter \@tempf \csname @float@c@\@captype \endcsname \fi \fi \@dbla
rg {\@tempf \@captype }.

Package caption Warning: \caption will not be redefined since it's already
(caption)                redefined by a document class or package which is
(caption)                unknown to the caption package.
See the caption package documentation for explanation.

Package caption Info: float package is loaded.
Package caption Info: End \AtBeginDocument code.
(c:/texlive/2017/texmf-dist/tex/context/base/mkii/supp-pdf.mkii
[Loading MPS to PDF converter (version 2006.09.02).]
\scratchcounter=\count113
\scratchdimen=\dimen130
\scratchbox=\box40
\nofMPsegments=\count114
\nofMParguments=\count115
\everyMPshowfont=\toks26
\MPscratchCnt=\count116
\MPscratchDim=\dimen131
\MPnumerator=\count117
\makeMPintoPDFobject=\count118
\everyMPtoPDFconversion=\toks27
) (c:/texlive/2017/texmf-dist/tex/latex/oberdiek/epstopdf-base.sty
Package: epstopdf-base 2016/05/15 v2.6 Base part for package epstopdf

(c:/texlive/2017/texmf-dist/tex/generic/oberdiek/infwarerr.sty
Package: infwarerr 2016/05/16 v1.4 Providing info/warning/error messages (HO)
)
(c:/texlive/2017/texmf-dist/tex/latex/oberdiek/grfext.sty
Package: grfext 2016/05/16 v1.2 Manage graphics extensions (HO)

(c:/texlive/2017/texmf-dist/tex/generic/oberdiek/kvdefinekeys.sty
Package: kvdefinekeys 2016/05/16 v1.4 Define keys (HO)

(c:/texlive/2017/texmf-dist/tex/generic/oberdiek/ltxcmds.sty
Package: ltxcmds 2016/05/16 v1.23 LaTeX kernel commands for general use (HO)
)))
(c:/texlive/2017/texmf-dist/tex/latex/oberdiek/kvoptions.sty
Package: kvoptions 2016/05/16 v3.12 Key value format for package options (HO)

(c:/texlive/2017/texmf-dist/tex/generic/oberdiek/kvsetkeys.sty
Package: kvsetkeys 2016/05/16 v1.17 Key value parser (HO)

(c:/texlive/2017/texmf-dist/tex/generic/oberdiek/etexcmds.sty
Package: etexcmds 2016/05/16 v1.6 Avoid name clashes with e-TeX commands (HO)

(c:/texlive/2017/texmf-dist/tex/generic/oberdiek/ifluatex.sty
Package: ifluatex 2016/05/16 v1.4 Provides the ifluatex switch (HO)
Package ifluatex Info: LuaTeX not detected.
)
Package etexcmds Info: Could not find \expanded.
(etexcmds)             That can mean that you are not using pdfTeX 1.50 or
(etexcmds)             that some package has redefined \expanded.
(etexcmds)             In the latter case, load this package earlier.
)))
(c:/texlive/2017/texmf-dist/tex/generic/oberdiek/pdftexcmds.sty
Package: pdftexcmds 2017/03/19 v0.25 Utility functions of pdfTeX for LuaTeX (HO
)
Package pdftexcmds Info: LuaTeX not detected.
Package pdftexcmds Info: \pdf@primitive is available.
Package pdftexcmds Info: \pdf@ifprimitive is available.
Package pdftexcmds Info: \pdfdraftmode found.
)
Package epstopdf-base Info: Redefining graphics rule for `.eps' on input line 4
38.
Package grfext Info: Graphics extension search list:
(grfext)             [.pdf,.png,.jpg,.mps,.jpeg,.jbig2,.jb2,.PDF,.PNG,.JPG,.JPE
G,.JBIG2,.JB2,.eps]
(grfext)             \AppendGraphicsExtensions on input line 456.

(c:/texlive/2017/texmf-dist/tex/latex/latexconfig/epstopdf-sys.cfg
File: epstopdf-sys.cfg 2010/07/13 v1.3 Configuration of (r)epstopdf for TeX Liv
e
))
LaTeX Font Info:    Font shape `OT1/ptm/bx/n' in size <9> not available
(Font)              Font shape `OT1/ptm/b/n' tried instead on input line 49.
LaTeX Font Info:    Font shape `OT1/ptm/bx/n' in size <12> not available
(Font)              Font shape `OT1/ptm/b/n' tried instead on input line 59.
LaTeX Font Info:    Font shape `OT1/ptm/bx/n' in size <10> not available
(Font)              Font shape `OT1/ptm/b/n' tried instead on input line 65.


Package natbib Warning: Citation `Campbell_1970' on page 1 undefined on input l
ine 65.


Package natbib Warning: Citation `kelvinXIXElectrodynamicQualities1857' on page
 1 undefined on input line 65.


Underfull \hbox (badness 2119) in paragraph at lines 65--66
[]\OT1/ptm/m/n/10 Magnetoresistance is-the name used to de-scribe the
 []


Underfull \hbox (badness 2582) in paragraph at lines 65--66
\OT1/ptm/m/n/10 phe-nomenon where an ap-plied mag-netic field causes
 []


Underfull \hbox (badness 1546) in paragraph at lines 65--66
\OT1/ptm/m/n/10 the in-ter-nal re-sis-tance of a ma-te-rial to in-crease. In
 []


Package natbib Warning: Citation `mcguireAnisotropicMagnetoresistanceFerromagne
tic1975' on page 1 undefined on input line 69.


Underfull \hbox (badness 10000) in paragraph at lines 74--77

 []

<drawing.png, id=1, 673.76718pt x 536.0025pt>
File: drawing.png Graphic file (type png)
<use drawing.png>
Package pdftex.def Info: drawing.png  used on input line 80. on input line 80.
Package pdftex.def Info: Requested size: 237.11617pt x 188.6342pt on input line
 80.

Underfull \hbox (badness 2050) in paragraph at lines 85--88
\OT1/ptm/m/n/10 The ver-ti-cal mount has the hall probe and plat-inum
 []


Underfull \hbox (badness 10000) in paragraph at lines 85--88

 []


Underfull \hbox (badness 1946) in paragraph at lines 85--88
\OT1/ptm/m/n/10 The sam-ple and hall probe were both wired with a
 []

<drawing-1.png, id=3, 1195.46625pt x 705.38531pt>
File: drawing-1.png Graphic file (type png)
<use drawing-1.png>
Package pdftex.def Info: drawing-1.png  used on input line 91. on input line 91
.
Package pdftex.def Info: Requested size: 237.11617pt x 139.90135pt on input lin
e 91.

Underfull \hbox (badness 1033) in paragraph at lines 92--92
[]\OT1/ptm/b/n/9 FIG. 2: |\OT1/ptm/m/n/9 Di-a-gram of the con-nec-tions on the 
sam-ple. The
 []


Underfull \hbox (badness 10000) in paragraph at lines 96--103

 []


Underfull \hbox (badness 3942) in paragraph at lines 96--103
\OT1/ptm/m/n/10 The strength of the mag-netic field pass-ing through
 []


Underfull \hbox (badness 10000) in paragraph at lines 96--103

 []


Underfull \hbox (badness 2189) in paragraph at lines 96--103
\OT1/ptm/m/n/10 Initially we took mea-sure-ments at room tem-per-a-ture.
 []


Underfull \hbox (badness 10000) in paragraph at lines 96--103

 []


Underfull \hbox (badness 1584) in paragraph at lines 96--103
\OT1/ptm/m/n/10 In or-der to find the an-gle be-tween the plane of the
 []

[1{c:/texlive/2017/texmf-var/fonts/map/pdftex/updmap/pdftex.map} <./drawing.png
> <./drawing-1.png>]
<LNRTfig.png, id=18, 578.16pt x 433.62pt>
File: LNRTfig.png Graphic file (type png)
<use LNRTfig.png>
Package pdftex.def Info: LNRTfig.png  used on input line 109. on input line 109
.
Package pdftex.def Info: Requested size: 237.11617pt x 177.83167pt on input lin
e 109.

Underfull \hbox (badness 2617) in paragraph at lines 110--110
\OT1/ptm/m/n/9 Tem-per-a-ture ($\OMS/cmsy/m/n/9 ^^Y$\OT1/ptm/m/n/9 300K). Mag-n
etic field strength var-ied from
 []

<LN_adj_fig.png, id=19, 578.16pt x 433.62pt>
File: LN_adj_fig.png Graphic file (type png)
<use LN_adj_fig.png>
Package pdftex.def Info: LN_adj_fig.png  used on input line 118. on input line 
118.
Package pdftex.def Info: Requested size: 237.11617pt x 177.83167pt on input lin
e 118.

Underfull \hbox (badness 1048) in paragraph at lines 114--121
\OT1/ptm/m/n/10 lower when cooled with liq-uid ni-tro-gen than at room
 []


Underfull \hbox (badness 10000) in paragraph at lines 114--121

 []


Underfull \hbox (badness 10000) in paragraph at lines 114--121

 []

<RT_adj_fig.png, id=20, 578.16pt x 433.62pt>
File: RT_adj_fig.png Graphic file (type png)
<use RT_adj_fig.png>
Package pdftex.def Info: RT_adj_fig.png  used on input line 125. on input line 
125.
Package pdftex.def Info: Requested size: 237.11617pt x 177.83167pt on input lin
e 125.
<LN_offsets.png, id=21, 578.16pt x 433.62pt>
File: LN_offsets.png Graphic file (type png)
<use LN_offsets.png>
Package pdftex.def Info: LN_offsets.png  used on input line 137. on input line 
137.
Package pdftex.def Info: Requested size: 237.11617pt x 177.83167pt on input lin
e 137.

Underfull \hbox (badness 10000) in paragraph at lines 133--140

 []


Underfull \hbox (badness 10000) in paragraph at lines 133--140

 []

[2 <./LNRTfig.png> <./LN_adj_fig.png> <./RT_adj_fig.png>]
<RT_offsets.png, id=29, 578.16pt x 433.62pt>
File: RT_offsets.png Graphic file (type png)
<use RT_offsets.png>
Package pdftex.def Info: RT_offsets.png  used on input line 144. on input line 
144.
Package pdftex.def Info: Requested size: 237.11617pt x 177.83167pt on input lin
e 144.

Underfull \hbox (badness 1442) in paragraph at lines 149--150
[]\OT1/ptm/m/n/10 For the room tem-per-a-ture mea-sure-ments, the off-set
 []


Underfull \hbox (badness 10000) in paragraph at lines 149--150

 []

<Vert_plot.png, id=30, 578.16pt x 433.62pt>
File: Vert_plot.png Graphic file (type png)
<use Vert_plot.png>
Package pdftex.def Info: Vert_plot.png  used on input line 157. on input line 1
57.
Package pdftex.def Info: Requested size: 237.11617pt x 177.83167pt on input lin
e 157.
<RT_adj_fig_vert.png, id=31, 578.16pt x 433.62pt>
File: RT_adj_fig_vert.png Graphic file (type png)
<use RT_adj_fig_vert.png>
Package pdftex.def Info: RT_adj_fig_vert.png  used on input line 164. on input 
line 164.
Package pdftex.def Info: Requested size: 237.11617pt x 177.83167pt on input lin
e 164.
<Vert_RT_offsets.png, id=32, 578.16pt x 433.62pt>
File: Vert_RT_offsets.png Graphic file (type png)
<use Vert_RT_offsets.png>
Package pdftex.def Info: Vert_RT_offsets.png  used on input line 173. on input 
line 173.
Package pdftex.def Info: Requested size: 237.11617pt x 177.83167pt on input lin
e 173.

Underfull \hbox (badness 1147) in paragraph at lines 178--179
[]\OT1/ptm/m/n/10 The off-sets were within the same range as for the
 []


Underfull \hbox (badness 1565) in paragraph at lines 183--201
\OT1/ptm/m/n/10 such that as the probe was turned the mea-sure-ments
 []


Underfull \hbox (badness 10000) in paragraph at lines 183--201

 []


Underfull \hbox (badness 2875) in paragraph at lines 183--201
\OT1/ptm/m/n/10 The tem-per-a-ture var-ied more than ex-pected be-tween
 []


Underfull \hbox (badness 10000) in paragraph at lines 183--201

 []


Underfull \hbox (badness 10000) in paragraph at lines 183--201

 []


Underfull \hbox (badness 4846) in paragraph at lines 183--201
\OT1/ptm/m/n/10 The in-crease of the over-all re-sis-tance mea-sured at
 []


Underfull \hbox (badness 1348) in paragraph at lines 183--201
\OT1/ptm/m/n/10 may be due to a small heat-ing ef-fect caused by the
 []


Underfull \hbox (badness 10000) in paragraph at lines 183--201

 []


Underfull \hbox (badness 10000) in paragraph at lines 183--201

 []


Underfull \hbox (badness 10000) in paragraph at lines 183--201

 []


Underfull \hbox (badness 10000) in paragraph at lines 183--201

 []


Underfull \hbox (badness 1590) in paragraph at lines 183--201
\OT1/ptm/m/n/10 It could be in-ferred from the dif-fer-ence be-tween the
 []


Underfull \hbox (badness 10000) in paragraph at lines 183--201

 []


Underfull \hbox (badness 1629) in paragraph at lines 183--201
\OT1/ptm/m/n/10 In our ex-per-i-ment, we were un-able to take data for
 []


Underfull \hbox (badness 10000) in paragraph at lines 183--201

 []


Underfull \hbox (badness 10000) in paragraph at lines 183--201

 []

[3 <./LN_offsets.png> <./RT_offsets.png> <./Vert_plot.png> <./RT_adj_fig_vert.p
ng> <./Vert_RT_offsets.png>] (./AMR Report.bbl

Package natbib Warning: Empty `thebibliography' environment on input line 3.

) [4]

Package natbib Warning: There were undefined citations.


Underfull \hbox (badness 10000) in paragraph at lines 216--226

 []


Underfull \hbox (badness 10000) in paragraph at lines 216--226

 []


Underfull \hbox (badness 10000) in paragraph at lines 216--226

 []


Underfull \hbox (badness 10000) in paragraph at lines 216--226

 []


Underfull \hbox (badness 10000) in paragraph at lines 216--226

 []


Underfull \hbox (badness 10000) in paragraph at lines 216--226

 []

[5] (./AMR Report.aux) ) 
Here is how much of TeX's memory you used:
 5850 strings out of 492985
 82342 string characters out of 6136284
 162991 words of memory out of 5000000
 9319 multiletter control sequences out of 15000+600000
 15472 words of font info for 36 fonts, out of 8000000 for 9000
 1141 hyphenation exceptions out of 8191
 41i,10n,43p,968b,343s stack positions out of 5000i,500n,10000p,200000b,80000s
{c:/texlive/2017/texmf-dist/fonts/enc/dvips/base/8r.enc
}<c:/texlive/2017/texmf-dist/fonts/type1/public/amsfonts/cm/cmmi10.pfb><c:/texl
ive/2017/texmf-dist/fonts/type1/public/amsfonts/cm/cmr10.pfb><c:/texlive/2017/t
exmf-dist/fonts/type1/public/amsfonts/cm/cmr7.pfb><c:/texlive/2017/texmf-dist/f
onts/type1/public/amsfonts/cm/cmsy10.pfb><c:/texlive/2017/texmf-dist/fonts/type
1/public/amsfonts/cm/cmsy7.pfb><c:/texlive/2017/texmf-dist/fonts/type1/public/a
msfonts/cm/cmsy9.pfb><c:/texlive/2017/texmf-dist/fonts/type1/urw/times/utmb8a.p
fb><c:/texlive/2017/texmf-dist/fonts/type1/urw/times/utmr8a.pfb>
Output written on "AMR Report.pdf" (5 pages, 1424227 bytes).
PDF statistics:
 74 PDF objects out of 1000 (max. 8388607)
 38 compressed objects within 1 object stream
 0 named destinations out of 1000 (max. 500000)
 51 words of extra memory for PDF output out of 10000 (max. 10000000)

